 
****************************************
Report : qor
Design : montgomery_multiplier
Version: K-2015.06
Date   : Thu Jan 13 11:19:06 2022
****************************************


  Timing Path Group 'REGIN'
  -----------------------------------
  Levels of Logic:               2.00
  Critical Path Length:          0.08
  Critical Path Slack:          98.58
  Critical Path Clk Period:    100.00
  Total Negative Slack:          0.00
  No. of Violating Paths:        0.00
  Worst Hold Violation:          0.00
  Total Hold Violation:          0.00
  No. of Hold Violations:        0.00
  -----------------------------------

  Timing Path Group 'REGOUT'
  -----------------------------------
  Levels of Logic:               0.00
  Critical Path Length:          0.12
  Critical Path Slack:          98.58
  Critical Path Clk Period:    100.00
  Total Negative Slack:          0.00
  No. of Violating Paths:        0.00
  Worst Hold Violation:          0.00
  Total Hold Violation:          0.00
  No. of Hold Violations:        0.00
  -----------------------------------

  Timing Path Group 'clock'
  -----------------------------------
  Levels of Logic:               4.00
  Critical Path Length:          0.43
  Critical Path Slack:          99.43
  Critical Path Clk Period:    100.00
  Total Negative Slack:          0.00
  No. of Violating Paths:        0.00
  Worst Hold Violation:          0.00
  Total Hold Violation:          0.00
  No. of Hold Violations:        0.00
  -----------------------------------


  Cell Count
  -----------------------------------
  Hierarchical Cell Count:          3
  Hierarchical Port Count:         12
  Leaf Cell Count:                 77
  Buf/Inv Cell Count:               2
  Buf Cell Count:                   0
  Inv Cell Count:                   2
  CT Buf/Inv Cell Count:            0
  Combinational Cell Count:        44
  Sequential Cell Count:           33
  Macro Count:                      0
  -----------------------------------


  Area
  -----------------------------------
  Combinational Area:       55.327999
  Noncombinational Area:   171.570005
  Buf/Inv Area:              1.064000
  Total Buffer Area:             0.00
  Total Inverter Area:           1.06
  Macro/Black Box Area:      0.000000
  Net Area:                  0.000000
  -----------------------------------
  Cell Area:               226.898005
  Design Area:             226.898005


  Design Rules
  -----------------------------------
  Total Number of Nets:           102
  Nets With Violations:             0
  Max Trans Violations:             0
  Max Cap Violations:               0
  -----------------------------------


  Hostname: vnu-compute-3

  Compile CPU Statistics
  -----------------------------------------
  Resource Sharing:                    0.00
  Logic Optimization:                  0.00
  Mapping Optimization:                0.00
  -----------------------------------------
  Overall Compile Time:                3.59
  Overall Compile Wall Clock Time:     9.91

  --------------------------------------------------------------------

  Design  WNS: 0.00  TNS: 0.00  Number of Violating Paths: 0


  Design (Hold)  WNS: 0.00  TNS: 0.00  Number of Violating Paths: 0

  --------------------------------------------------------------------


1
