#@ # 
#@ # Running pt_shell Version M-2017.06-SP2 for linux64 -- Aug 25, 2017
#@ # Date:   Thu Jan 13 13:14:24 2022
#@ # Run by: hiepdm@vnu-compute-3
#@ 

source /home/tools/synopsys/pts/M-2017.06-SP2/admin/setup/.synopsys_pt.setup
#@ # -- Starting source /home/tools/synopsys/pts/M-2017.06-SP2/admin/setup/.synopsys_pt.setup

#@ #
#@ # .synopsys_pt.setup: Initialization File for PrimeTime
#@ #
#@ 
#@ 
#@ #
#@ # Enable stack trace output on fatal.  Not available for all architectures.
#@ #
#@ if { $sh_arch == "sparcOS5" || $sh_arch == "hpux10" ||      $sh_arch == "hp32" || $sh_arch == "linux" } {
#@   set_unix_variable SYNOPSYS_TRACE ""
#@ }
#@ 
#@ #
#@ # Variable settings
#@ #
#@ 
#@ #
#@ # Synopsys strongly recommends that you use new variable message
#@ # tracing for debugging purposes only.
#@ #
#@ set sh_new_variable_message true
#@ 
#@ #
#@ # Synopsys strongly recommends that you uncomment the following command
#@ # in order to set sh_command_abbrev_mode to the value "Command-Line-Only".
#@ # Command abbreviation is intended as an interactive convenience.  Using
#@ # abbreviations in scripts can cause commands to fail in subsequent releases.
#@ # 
#@ #set sh_command_abbrev_mode "Command-Line-Only"
#@ 
#@ #
#@ # Some useful aliases
#@ #
#@ alias list_commands		help
#@ alias report_constraints	report_constraint
#@ alias report_clocks		report_clock
#@ 
#@ #
#@ # The alias for get_clock was added when get_clock_network_objects
#@ # was introduced, as it conflicts with get_clocks (and get_clock is a
#@ # typical abbreviation for get_clocks)
#@ #
#@ alias get_clock get_clocks
#@ 
#@ 
#@ #
#@ #
#@ # The alias of q to quit is commented out.  Remove the comment 
#@ # character if you want this alias.  Some users find that having 
#@ # this particular alias causes problems when mixed with page-mode
#@ # for reports - an accidental repeated 'q' not only cancels the
#@ # output but exits the tool.
#@ #
#@ #alias q quit
#@ 
#@ # -- End source /home/tools/synopsys/pts/M-2017.06-SP2/admin/setup/.synopsys_pt.setup

#@ # -- Starting source /home/tools/synopsys/pts/M-2017.06-SP2/auxx/tcllib/lib/itcl4.0.2/itcl.tcl

#@ #
#@ # itcl.tcl
#@ # ----------------------------------------------------------------------
#@ # Invoked automatically upon startup to customize the interpreter
#@ # for [incr Tcl].
#@ # ----------------------------------------------------------------------
#@ #   AUTHOR:  Michael J. McLennan
#@ #            Bell Labs Innovations for Lucent Technologies
#@ #            mmclennan@lucent.com
#@ #            http://www.tcltk.com/itcl
#@ # ----------------------------------------------------------------------
#@ #            Copyright (c) 1993-1998  Lucent Technologies, Inc.
#@ # ======================================================================
#@ # See the file "license.terms" for information on usage and
#@ # redistribution of this file, and for a DISCLAIMER OF ALL WARRANTIES.
#@ 
#@ proc ::itcl::delete_helper { name args } {
#@     ::itcl::delete object $name
#@ }
#@ 
#@ # ----------------------------------------------------------------------
#@ #  USAGE:  local <className> <objName> ?<arg> <arg>...?
#@ #
#@ #  Creates a new object called <objName> in class <className>, passing
#@ #  the remaining <arg>'s to the constructor.  Unlike the usual
#@ #  [incr Tcl] objects, however, an object created by this procedure
#@ #  will be automatically deleted when the local call frame is destroyed.
#@ #  This command is useful for creating objects that should only remain
#@ #  alive until a procedure exits.
#@ # ----------------------------------------------------------------------
#@ proc ::itcl::local {class name args} {
#@     set ptr [uplevel [list $class $name] $args]
#@     uplevel [list set itcl-local-$ptr $ptr]
#@     set cmd [uplevel namespace which -command $ptr]
#@     uplevel [list trace variable itcl-local-$ptr u         "::itcl::delete_helper $cmd"]
#@     return $ptr
#@ }
#@ 
#@ # ----------------------------------------------------------------------
#@ # auto_mkindex
#@ # ----------------------------------------------------------------------
#@ # Define Itcl commands that will be recognized by the auto_mkindex
#@ # parser in Tcl...
#@ #
#@ 
#@ #
#@ # USAGE:  itcl::class name body
#@ # Adds an entry for the given class declaration.
#@ #
#@ foreach __cmd {itcl::class class itcl::type type ictl::widget widget itcl::widgetadaptor widgetadaptor itcl::extendedclass extendedclass} {
#@     auto_mkindex_parser::command $__cmd {name body} {
#@ 	variable index
#@ 	variable scriptFile
#@ 	append index "set [list auto_index([fullname $name])]"
#@ 	append index " \[list source \[file join \$dir [list $scriptFile]\]\]\n"
#@ 
#@ 	variable parser
#@ 	variable contextStack
#@ 	set contextStack [linsert $contextStack 0 $name]
#@ 	$parser eval $body
#@ 	set contextStack [lrange $contextStack 1 end]
#@     }
#@ }
#@ # -- Starting source /home/tools/synopsys/pts/M-2017.06-SP2/auxx/tcllib/lib/tcl8.6/auto.tcl

#@ # auto.tcl --
#@ #
#@ # utility procs formerly in init.tcl dealing with auto execution of commands
#@ # and can be auto loaded themselves.
#@ #
#@ # Copyright (c) 1991-1993 The Regents of the University of California.
#@ # Copyright (c) 1994-1998 Sun Microsystems, Inc.
#@ #
#@ # See the file "license.terms" for information on usage and redistribution of
#@ # this file, and for a DISCLAIMER OF ALL WARRANTIES.
#@ #
#@ 
#@ # auto_reset --
#@ #
#@ # Destroy all cached information for auto-loading and auto-execution, so that
#@ # the information gets recomputed the next time it's needed.  Also delete any
#@ # commands that are listed in the auto-load index.
#@ #
#@ # Arguments:
#@ # None.
#@ 
#@ proc auto_reset {} {
#@     global auto_execs auto_index auto_path
#@     if {[array exists auto_index]} {
#@ 	foreach cmdName [array names auto_index] {
#@ 	    set fqcn [namespace which $cmdName]
#@ 	    if {$fqcn eq ""} {
#@ 		continue
#@ 	    }
#@ 	    rename $fqcn {}
#@ 	}
#@     }
#@     unset -nocomplain auto_execs auto_index ::tcl::auto_oldpath
#@     if {[catch {llength $auto_path}]} {
#@ 	set auto_path [list [info library]]
#@     } elseif {[info library] ni $auto_path} {
#@ 	lappend auto_path [info library]
#@     }
#@ }
#@ 
#@ # tcl_findLibrary --
#@ #
#@ #	This is a utility for extensions that searches for a library directory
#@ #	using a canonical searching algorithm. A side effect is to source the
#@ #	initialization script and set a global library variable.
#@ #
#@ # Arguments:
#@ # 	basename	Prefix of the directory name, (e.g., "tk")
#@ #	version		Version number of the package, (e.g., "8.0")
#@ #	patch		Patchlevel of the package, (e.g., "8.0.3")
#@ #	initScript	Initialization script to source (e.g., tk.tcl)
#@ #	enVarName	environment variable to honor (e.g., TK_LIBRARY)
#@ #	varName		Global variable to set when done (e.g., tk_library)
#@ 
#@ proc tcl_findLibrary {basename version patch initScript enVarName varName} {
#@     upvar #0 $varName the_library
#@     global auto_path env tcl_platform
#@ 
#@     set dirs {}
#@     set errors {}
#@ 
#@     # The C application may have hardwired a path, which we honor
#@ 
#@     if {[info exists the_library] && $the_library ne ""} {
#@ 	lappend dirs $the_library
#@     } else {
#@ 	# Do the canonical search
#@ 
#@ 	# 1. From an environment variable, if it exists.  Placing this first
#@ 	#    gives the end-user ultimate control to work-around any bugs, or
#@ 	#    to customize.
#@ 
#@         if {[info exists env($enVarName)]} {
#@             lappend dirs $env($enVarName)
#@         }
#@ 
#@ 	# 2. In the package script directory registered within the
#@ 	#    configuration of the package itself.
#@ 
#@ 	catch {
#@ 	    lappend dirs [::${basename}::pkgconfig get scriptdir,runtime]
#@ 	}
#@ 
#@ 	# 3. Relative to auto_path directories.  This checks relative to the
#@ 	# Tcl library as well as allowing loading of libraries added to the
#@ 	# auto_path that is not relative to the core library or binary paths.
#@ 	foreach d $auto_path {
#@ 	    lappend dirs [file join $d $basename$version]
#@ 	    if {$tcl_platform(platform) eq "unix"
#@ 		    && $tcl_platform(os) eq "Darwin"} {
#@ 		# 4. On MacOSX, check the Resources/Scripts subdir too
#@ 		lappend dirs [file join $d $basename$version Resources Scripts]
#@ 	    }
#@ 	}
#@ 
#@ 	# 3. Various locations relative to the executable
#@ 	# ../lib/foo1.0		(From bin directory in install hierarchy)
#@ 	# ../../lib/foo1.0	(From bin/arch directory in install hierarchy)
#@ 	# ../library		(From unix directory in build hierarchy)
#@ 	#
#@ 	# Remaining locations are out of date (when relevant, they ought to be
#@ 	# covered by the $::auto_path seach above) and disabled.
#@ 	#
#@ 	# ../../library		(From unix/arch directory in build hierarchy)
#@ 	# ../../foo1.0.1/library
#@ 	#		(From unix directory in parallel build hierarchy)
#@ 	# ../../../foo1.0.1/library
#@ 	#		(From unix/arch directory in parallel build hierarchy)
#@ 
#@         set parentDir [file dirname [file dirname [info nameofexecutable]]]
#@         set grandParentDir [file dirname $parentDir]
#@         lappend dirs [file join $parentDir lib $basename$version]
#@         lappend dirs [file join $grandParentDir lib $basename$version]
#@         lappend dirs [file join $parentDir library]
#@ 	if {0} {
#@ 	    lappend dirs [file join $grandParentDir library]
#@ 	    lappend dirs [file join $grandParentDir $basename$patch library]
#@ 	    lappend dirs [file join [file dirname $grandParentDir] 			      $basename$patch library]
#@ 	}
#@     }
#@     # uniquify $dirs in order
#@     array set seen {}
#@     foreach i $dirs {
#@ 	# Take note that the [file normalize] below has been noted to cause
#@ 	# difficulties for the freewrap utility.  See Bug 1072136.  Until
#@ 	# freewrap resolves the matter, one might work around the problem by
#@ 	# disabling that branch.
#@ 	if {[interp issafe]} {
#@ 	    set norm $i
#@ 	} else {
#@ 	    set norm [file normalize $i]
#@ 	}
#@ 	if {[info exists seen($norm)]} {
#@ 	    continue
#@ 	}
#@ 	set seen($norm) {}
#@ 	lappend uniqdirs $i
#@     }
#@     set dirs $uniqdirs
#@     foreach i $dirs {
#@         set the_library $i
#@         set file [file join $i $initScript]
#@ 
#@ 	# source everything when in a safe interpreter because we have a
#@ 	# source command, but no file exists command
#@ 
#@         if {[interp issafe] || [file exists $file]} {
#@             if {![catch {uplevel #0 [list source $file]} msg opts]} {
#@                 return
#@             }
#@ 	    append errors "$file: $msg\n"
#@ 	    append errors [dict get $opts -errorinfo]\n
#@         }
#@     }
#@     unset -nocomplain the_library
#@     set msg "Can't find a usable $initScript in the following directories: \n"
#@     append msg "    $dirs\n\n"
#@     append msg "$errors\n\n"
#@     append msg "This probably means that $basename wasn't installed properly.\n"
#@     error $msg
#@ }
#@ 
#@ 
#@ # ----------------------------------------------------------------------
#@ # auto_mkindex
#@ # ----------------------------------------------------------------------
#@ # The following procedures are used to generate the tclIndex file from Tcl
#@ # source files.  They use a special safe interpreter to parse Tcl source
#@ # files, writing out index entries as "proc" commands are encountered.  This
#@ # implementation won't work in a safe interpreter, since a safe interpreter
#@ # can't create the special parser and mess with its commands.
#@ 
#@ if {[interp issafe]} {
#@     return	;# Stop sourcing the file here
#@ }
#@ 
#@ # auto_mkindex --
#@ # Regenerate a tclIndex file from Tcl source files.  Takes as argument the
#@ # name of the directory in which the tclIndex file is to be placed, followed
#@ # by any number of glob patterns to use in that directory to locate all of the
#@ # relevant files.
#@ #
#@ # Arguments:
#@ # dir -		Name of the directory in which to create an index.
#@ 
#@ # args -	Any number of additional arguments giving the names of files
#@ #		within dir.  If no additional are given auto_mkindex will look
#@ #		for *.tcl.
#@ 
#@ proc auto_mkindex {dir args} {
#@     if {[interp issafe]} {
#@         error "can't generate index within safe interpreter"
#@     }
#@ 
#@     set oldDir [pwd]
#@     cd $dir
#@ 
#@     append index "# Tcl autoload index file, version 2.0\n"
#@     append index "# This file is generated by the \"auto_mkindex\" command\n"
#@     append index "# and sourced to set up indexing information for one or\n"
#@     append index "# more commands.  Typically each line is a command that\n"
#@     append index "# sets an element in the auto_index array, where the\n"
#@     append index "# element name is the name of a command and the value is\n"
#@     append index "# a script that loads the command.\n\n"
#@     if {![llength $args]} {
#@ 	set args *.tcl
#@     }
#@ 
#@     auto_mkindex_parser::init
#@     foreach file [glob -- {*}$args] {
#@ 	try {
#@ 	    append index [auto_mkindex_parser::mkindex $file]
#@ 	} on error {msg opts} {
#@ 	    cd $oldDir
#@ 	    return -options $opts $msg
#@ 	}
#@     }
#@     auto_mkindex_parser::cleanup
#@ 
#@     set fid [open "tclIndex" w]
#@     puts -nonewline $fid $index
#@     close $fid
#@     cd $oldDir
#@ }
#@ 
#@ # Original version of auto_mkindex that just searches the source code for
#@ # "proc" at the beginning of the line.
#@ 
#@ proc auto_mkindex_old {dir args} {
#@     set oldDir [pwd]
#@     cd $dir
#@     set dir [pwd]
#@     append index "# Tcl autoload index file, version 2.0\n"
#@     append index "# This file is generated by the \"auto_mkindex\" command\n"
#@     append index "# and sourced to set up indexing information for one or\n"
#@     append index "# more commands.  Typically each line is a command that\n"
#@     append index "# sets an element in the auto_index array, where the\n"
#@     append index "# element name is the name of a command and the value is\n"
#@     append index "# a script that loads the command.\n\n"
#@     if {![llength $args]} {
#@ 	set args *.tcl
#@     }
#@     foreach file [glob -- {*}$args] {
#@ 	set f ""
#@ 	set error [catch {
#@ 	    set f [open $file]
#@ 	    while {[gets $f line] >= 0} {
#@ 		if {[regexp {^proc[ 	]+([^ 	]*)} $line match procName]} {
#@ 		    set procName [lindex [auto_qualify $procName "::"] 0]
#@ 		    append index "set [list auto_index($procName)]"
#@ 		    append index " \[list source \[file join \$dir [list $file]\]\]\n"
#@ 		}
#@ 	    }
#@ 	    close $f
#@ 	} msg opts]
#@ 	if {$error} {
#@ 	    catch {close $f}
#@ 	    cd $oldDir
#@ 	    return -options $opts $msg
#@ 	}
#@     }
#@     set f ""
#@     set error [catch {
#@ 	set f [open tclIndex w]
#@ 	puts -nonewline $f $index
#@ 	close $f
#@ 	cd $oldDir
#@     } msg opts]
#@     if {$error} {
#@ 	catch {close $f}
#@ 	cd $oldDir
#@ 	error $msg $info $code
#@ 	return -options $opts $msg
#@     }
#@ }
#@ 
#@ # Create a safe interpreter that can be used to parse Tcl source files
#@ # generate a tclIndex file for autoloading.  This interp contains commands for
#@ # things that need index entries.  Each time a command is executed, it writes
#@ # an entry out to the index file.
#@ 
#@ namespace eval auto_mkindex_parser {
#@     variable parser ""          ;# parser used to build index
#@     variable index ""           ;# maintains index as it is built
#@     variable scriptFile ""      ;# name of file being processed
#@     variable contextStack ""    ;# stack of namespace scopes
#@     variable imports ""         ;# keeps track of all imported cmds
#@     variable initCommands       ;# list of commands that create aliases
#@     if {![info exists initCommands]} {
#@ 	set initCommands [list]
#@     }
#@ 
#@     proc init {} {
#@ 	variable parser
#@ 	variable initCommands
#@ 
#@ 	if {![interp issafe]} {
#@ 	    set parser [interp create -safe]
#@ 	    $parser hide info
#@ 	    $parser hide rename
#@ 	    $parser hide proc
#@ 	    $parser hide namespace
#@ 	    $parser hide eval
#@ 	    $parser hide puts
#@ 	    foreach ns [$parser invokehidden namespace children ::] {
#@ 		# MUST NOT DELETE "::tcl" OR BAD THINGS HAPPEN!
#@ 		if {$ns eq "::tcl"} continue
#@ 		$parser invokehidden namespace delete $ns
#@ 	    }
#@ 	    foreach cmd [$parser invokehidden info commands ::*] {
#@ 		$parser invokehidden rename $cmd {}
#@ 	    }
#@ 	    $parser invokehidden proc unknown {args} {}
#@ 
#@ 	    # We'll need access to the "namespace" command within the
#@ 	    # interp.  Put it back, but move it out of the way.
#@ 
#@ 	    $parser expose namespace
#@ 	    $parser invokehidden rename namespace _%@namespace
#@ 	    $parser expose eval
#@ 	    $parser invokehidden rename eval _%@eval
#@ 
#@ 	    # Install all the registered psuedo-command implementations
#@ 
#@ 	    foreach cmd $initCommands {
#@ 		eval $cmd
#@ 	    }
#@ 	}
#@     }
#@     proc cleanup {} {
#@ 	variable parser
#@ 	interp delete $parser
#@ 	unset parser
#@     }
#@ }
#@ 
#@ # auto_mkindex_parser::mkindex --
#@ #
#@ # Used by the "auto_mkindex" command to create a "tclIndex" file for the given
#@ # Tcl source file.  Executes the commands in the file, and handles things like
#@ # the "proc" command by adding an entry for the index file.  Returns a string
#@ # that represents the index file.
#@ #
#@ # Arguments:
#@ #	file	Name of Tcl source file to be indexed.
#@ 
#@ proc auto_mkindex_parser::mkindex {file} {
#@     variable parser
#@     variable index
#@     variable scriptFile
#@     variable contextStack
#@     variable imports
#@ 
#@     set scriptFile $file
#@ 
#@     set fid [open $file]
#@     set contents [read $fid]
#@     close $fid
#@ 
#@     # There is one problem with sourcing files into the safe interpreter:
#@     # references like "$x" will fail since code is not really being executed
#@     # and variables do not really exist.  To avoid this, we replace all $ with
#@     # \0 (literally, the null char) later, when getting proc names we will
#@     # have to reverse this replacement, in case there were any $ in the proc
#@     # name.  This will cause a problem if somebody actually tries to have a \0
#@     # in their proc name.  Too bad for them.
#@     set contents [string map [list \$ \0] $contents]
#@ 
#@     set index ""
#@     set contextStack ""
#@     set imports ""
#@ 
#@     $parser eval $contents
#@ 
#@     foreach name $imports {
#@         catch {$parser eval [list _%@namespace forget $name]}
#@     }
#@     return $index
#@ }
#@ 
#@ # auto_mkindex_parser::hook command
#@ #
#@ # Registers a Tcl command to evaluate when initializing the slave interpreter
#@ # used by the mkindex parser.  The command is evaluated in the master
#@ # interpreter, and can use the variable auto_mkindex_parser::parser to get to
#@ # the slave
#@ 
#@ proc auto_mkindex_parser::hook {cmd} {
#@     variable initCommands
#@ 
#@     lappend initCommands $cmd
#@ }
#@ 
#@ # auto_mkindex_parser::slavehook command
#@ #
#@ # Registers a Tcl command to evaluate when initializing the slave interpreter
#@ # used by the mkindex parser.  The command is evaluated in the slave
#@ # interpreter.
#@ 
#@ proc auto_mkindex_parser::slavehook {cmd} {
#@     variable initCommands
#@ 
#@     # The $parser variable is defined to be the name of the slave interpreter
#@     # when this command is used later.
#@ 
#@     lappend initCommands "\$parser eval [list $cmd]"
#@ }
#@ 
#@ # auto_mkindex_parser::command --
#@ #
#@ # Registers a new command with the "auto_mkindex_parser" interpreter that
#@ # parses Tcl files.  These commands are fake versions of things like the
#@ # "proc" command.  When you execute them, they simply write out an entry to a
#@ # "tclIndex" file for auto-loading.
#@ #
#@ # This procedure allows extensions to register their own commands with the
#@ # auto_mkindex facility.  For example, a package like [incr Tcl] might
#@ # register a "class" command so that class definitions could be added to a
#@ # "tclIndex" file for auto-loading.
#@ #
#@ # Arguments:
#@ #	name 	Name of command recognized in Tcl files.
#@ #	arglist	Argument list for command.
#@ #	body 	Implementation of command to handle indexing.
#@ 
#@ proc auto_mkindex_parser::command {name arglist body} {
#@     hook [list auto_mkindex_parser::commandInit $name $arglist $body]
#@ }
#@ 
#@ # auto_mkindex_parser::commandInit --
#@ #
#@ # This does the actual work set up by auto_mkindex_parser::command. This is
#@ # called when the interpreter used by the parser is created.
#@ #
#@ # Arguments:
#@ #	name 	Name of command recognized in Tcl files.
#@ #	arglist	Argument list for command.
#@ #	body 	Implementation of command to handle indexing.
#@ 
#@ proc auto_mkindex_parser::commandInit {name arglist body} {
#@     variable parser
#@ 
#@     set ns [namespace qualifiers $name]
#@     set tail [namespace tail $name]
#@     if {$ns eq ""} {
#@         set fakeName [namespace current]::_%@fake_$tail
#@     } else {
#@         set fakeName [namespace current]::[string map {:: _} _%@fake_$name]
#@     }
#@     proc $fakeName $arglist $body
#@ 
#@     # YUK!  Tcl won't let us alias fully qualified command names, so we can't
#@     # handle names like "::itcl::class".  Instead, we have to build procs with
#@     # the fully qualified names, and have the procs point to the aliases.
#@ 
#@     if {[string match *::* $name]} {
#@         set exportCmd [list _%@namespace export [namespace tail $name]]
#@         $parser eval [list _%@namespace eval $ns $exportCmd]
#@ 
#@ 	# The following proc definition does not work if you want to tolerate
#@ 	# space or something else diabolical in the procedure name, (i.e.,
#@ 	# space in $alias). The following does not work:
#@ 	#   "_%@eval {$alias} \$args"
#@ 	# because $alias gets concat'ed to $args.  The following does not work
#@ 	# because $cmd is somehow undefined
#@ 	#   "set cmd {$alias} \; _%@eval {\$cmd} \$args"
#@ 	# A gold star to someone that can make test autoMkindex-3.3 work
#@ 	# properly
#@ 
#@         set alias [namespace tail $fakeName]
#@         $parser invokehidden proc $name {args} "_%@eval {$alias} \$args"
#@         $parser alias $alias $fakeName
#@     } else {
#@         $parser alias $name $fakeName
#@     }
#@     return
#@ }
#@ 
#@ # auto_mkindex_parser::fullname --
#@ #
#@ # Used by commands like "proc" within the auto_mkindex parser.  Returns the
#@ # qualified namespace name for the "name" argument.  If the "name" does not
#@ # start with "::", elements are added from the current namespace stack to
#@ # produce a qualified name.  Then, the name is examined to see whether or not
#@ # it should really be qualified.  If the name has more than the leading "::",
#@ # it is returned as a fully qualified name.  Otherwise, it is returned as a
#@ # simple name.  That way, the Tcl autoloader will recognize it properly.
#@ #
#@ # Arguments:
#@ # name -		Name that is being added to index.
#@ 
#@ proc auto_mkindex_parser::fullname {name} {
#@     variable contextStack
#@ 
#@     if {![string match ::* $name]} {
#@         foreach ns $contextStack {
#@             set name "${ns}::$name"
#@             if {[string match ::* $name]} {
#@                 break
#@             }
#@         }
#@     }
#@ 
#@     if {[namespace qualifiers $name] eq ""} {
#@         set name [namespace tail $name]
#@     } elseif {![string match ::* $name]} {
#@         set name "::$name"
#@     }
#@ 
#@     # Earlier, mkindex replaced all $'s with \0.  Now, we have to reverse that
#@     # replacement.
#@     return [string map [list \0 \$] $name]
#@ }
#@ 
#@ # auto_mkindex_parser::indexEntry --
#@ #
#@ # Used by commands like "proc" within the auto_mkindex parser to add a
#@ # correctly-quoted entry to the index. This is shared code so it is done
#@ # *right*, in one place.
#@ #
#@ # Arguments:
#@ # name -		Name that is being added to index.
#@ 
#@ proc auto_mkindex_parser::indexEntry {name} {
#@     variable index
#@     variable scriptFile
#@ 
#@     # We convert all metacharacters to their backslashed form, and pre-split
#@     # the file name that we know about (which will be a proper list, and so
#@     # correctly quoted).
#@ 
#@     set name [string range [list \}[fullname $name]] 2 end]
#@     set filenameParts [file split $scriptFile]
#@ 
#@     append index [format 	    {set auto_index(%s) [list source [file join $dir %s]]%s} 	    $name $filenameParts \n]
#@     return
#@ }
#@ 
#@ if {[llength $::auto_mkindex_parser::initCommands]} {
#@     return
#@ }
#@ 
#@ # Register all of the procedures for the auto_mkindex parser that will build
#@ # the "tclIndex" file.
#@ 
#@ # AUTO MKINDEX:  proc name arglist body
#@ # Adds an entry to the auto index list for the given procedure name.
#@ 
#@ auto_mkindex_parser::command proc {name args} {
#@     indexEntry $name
#@ }
#@ 
#@ # Conditionally add support for Tcl byte code files.  There are some tricky
#@ # details here.  First, we need to get the tbcload library initialized in the
#@ # current interpreter.  We cannot load tbcload into the slave until we have
#@ # done so because it needs access to the tcl_patchLevel variable.  Second,
#@ # because the package index file may defer loading the library until we invoke
#@ # a command, we need to explicitly invoke auto_load to force it to be loaded.
#@ # This should be a noop if the package has already been loaded
#@ 
#@ auto_mkindex_parser::hook {
#@     try {
#@ 	package require tbcload
#@     } on error {} {
#@ 	# OK, don't have it so do nothing
#@     } on ok {} {
#@ 	if {[namespace which -command tbcload::bcproc] eq ""} {
#@ 	    auto_load tbcload::bcproc
#@ 	}
#@         if {[info commands load] == "load"} {
#@ 	    load {} tbcload $auto_mkindex_parser::parser
#@         }
#@ 
#@ 	# AUTO MKINDEX:  tbcload::bcproc name arglist body
#@ 	# Adds an entry to the auto index list for the given pre-compiled
#@ 	# procedure name.
#@ 
#@ 	auto_mkindex_parser::commandInit tbcload::bcproc {name args} {
#@ 	    indexEntry $name
#@ 	}
#@     }
#@ }
#@ 
#@ # AUTO MKINDEX:  namespace eval name command ?arg arg...?
#@ # Adds the namespace name onto the context stack and evaluates the associated
#@ # body of commands.
#@ #
#@ # AUTO MKINDEX:  namespace import ?-force? pattern ?pattern...?
#@ # Performs the "import" action in the parser interpreter.  This is important
#@ # for any commands contained in a namespace that affect the index.  For
#@ # example, a script may say "itcl::class ...", or it may import "itcl::*" and
#@ # then say "class ...".  This procedure does the import operation, but keeps
#@ # track of imported patterns so we can remove the imports later.
#@ 
#@ auto_mkindex_parser::command namespace {op args} {
#@     switch -- $op {
#@         eval {
#@             variable parser
#@             variable contextStack
#@ 
#@             set name [lindex $args 0]
#@             set args [lrange $args 1 end]
#@ 
#@             set contextStack [linsert $contextStack 0 $name]
#@ 	    $parser eval [list _%@namespace eval $name] $args
#@             set contextStack [lrange $contextStack 1 end]
#@         }
#@         import {
#@             variable parser
#@             variable imports
#@             foreach pattern $args {
#@                 if {$pattern ne "-force"} {
#@                     lappend imports $pattern
#@                 }
#@             }
#@             catch {$parser eval "_%@namespace import $args"}
#@         }
#@ 	ensemble {
#@ 	    variable parser
#@ 	    variable contextStack
#@ 	    if {[lindex $args 0] eq "create"} {
#@ 		set name ::[join [lreverse $contextStack] ::]
#@ 		catch {
#@ 		    set name [dict get [lrange $args 1 end] -command]
#@ 		    if {![string match ::* $name]} {
#@ 			set name ::[join [lreverse $contextStack] ::]$name
#@ 		    }
#@ 		    regsub -all ::+ $name :: name
#@ 		}
#@ 		# create artifical proc to force an entry in the tclIndex
#@ 		$parser eval [list ::proc $name {} {}]
#@ 	    }
#@ 	}
#@     }
#@ }
#@ 
#@ # AUTO MKINDEX:  oo::class create name ?definition?
#@ # Adds an entry to the auto index list for the given class name.
#@ auto_mkindex_parser::command oo::class {op name {body ""}} {
#@     if {$op eq "create"} {
#@ 	indexEntry $name
#@     }
#@ }
#@ auto_mkindex_parser::command class {op name {body ""}} {
#@     if {$op eq "create"} {
#@ 	indexEntry $name
#@     }
#@ }
#@ 
#@ return
#@ # -- End source /home/tools/synopsys/pts/M-2017.06-SP2/auxx/tcllib/lib/tcl8.6/auto.tcl

#@ 
#@ #
#@ # USAGE:  itcl::body name arglist body
#@ # Adds an entry for the given method/proc body.
#@ #
#@ foreach __cmd {itcl::body body} {
#@     auto_mkindex_parser::command $__cmd {name arglist body} {
#@ 	variable index
#@ 	variable scriptFile
#@ 	append index "set [list auto_index([fullname $name])]"
#@ 	append index " \[list source \[file join \$dir [list $scriptFile]\]\]\n"
#@     }
#@ }
#@ 
#@ #
#@ # USAGE:  itcl::configbody name arglist body
#@ # Adds an entry for the given method/proc body.
#@ #
#@ foreach __cmd {itcl::configbody configbody} {
#@     auto_mkindex_parser::command $__cmd {name body} {
#@ 	variable index
#@ 	variable scriptFile
#@ 	append index "set [list auto_index([fullname $name])]"
#@ 	append index " \[list source \[file join \$dir [list $scriptFile]\]\]\n"
#@     }
#@ }
#@ 
#@ #
#@ # USAGE:  ensemble name ?body?
#@ # Adds an entry to the auto index list for the given ensemble name.
#@ #
#@ foreach __cmd {itcl::ensemble ensemble} {
#@     auto_mkindex_parser::command $__cmd {name {body ""}} {
#@ 	variable index
#@ 	variable scriptFile
#@ 	append index "set [list auto_index([fullname $name])]"
#@ 	append index " \[list source \[file join \$dir [list $scriptFile]\]\]\n"
#@     }
#@ }
#@ 
#@ #
#@ # USAGE:  public arg ?arg arg...?
#@ #         protected arg ?arg arg...?
#@ #         private arg ?arg arg...?
#@ #
#@ # Evaluates the arguments as commands, so we can recognize proc
#@ # declarations within classes.
#@ #
#@ foreach __cmd {public protected private} {
#@     auto_mkindex_parser::command $__cmd {args} {
#@         variable parser
#@         $parser eval $args
#@     }
#@ }
#@ 
#@ # SF bug #246 unset variable __cmd to avoid problems in user programs!!
#@ unset __cmd
#@ 
#@ # ----------------------------------------------------------------------
#@ # auto_import
#@ # ----------------------------------------------------------------------
#@ # This procedure overrides the usual "auto_import" function in the
#@ # Tcl library.  It is invoked during "namespace import" to make see
#@ # if the imported commands reside in an autoloaded library.  If so,
#@ # stubs are created to represent the commands.  Executing a stub
#@ # later on causes the real implementation to be autoloaded.
#@ #
#@ # Arguments -
#@ # pattern	The pattern of commands being imported (like "foo::*")
#@ #               a canonical namespace as returned by [namespace current]
#@ 
#@ proc auto_import {pattern} {
#@     global auto_index
#@ 
#@     set ns [uplevel namespace current]
#@     set patternList [auto_qualify $pattern $ns]
#@ 
#@     auto_load_index
#@ 
#@     foreach pattern $patternList {
#@         foreach name [array names auto_index $pattern] {
#@             if {"" == [info commands $name]} {
#@                 ::itcl::import::stub create $name
#@             }
#@         }
#@     }
#@ }
#@ # -- End source /home/tools/synopsys/pts/M-2017.06-SP2/auxx/tcllib/lib/itcl4.0.2/itcl.tcl

source -echo -verbose /home/userdata/ncs/hiepdm/00-projects/montgomery_multiplier/ptpx/rm_pt_scripts/pt.tcl
#@ # -- Starting source /home/userdata/ncs/hiepdm/00-projects/montgomery_multiplier/ptpx/rm_pt_scripts/pt.tcl

#@ #################################################################################
#@ # PrimeTime Reference Methodology Script
#@ # Script: pt.tcl
#@ # Version: K-2015.06 (July 13, 2015)
#@ # Copyright (C) 2008-2015 Synopsys All rights reserved.
#@ ################################################################################
#@ 
#@ 
#@ 
#@ # Please do not modify the sdir variable.
#@ # Doing so may cause script to fail.
#@ set PROJECT_DIR                   $env(PROJECT_DIR)  ;# root path of the project
#@ # all the synthesis scripts are in ${PROJECT_DIR)/ptpx
#@ set sdir "${PROJECT_DIR}/ptpx"
#@ 
#@ 
#@ 
#@ ##################################################################
#@ #    Source common and pt_setup.tcl File                         #
#@ ##################################################################
#@ 
#@ source ${sdir}/rm_setup/common_setup.tcl
#@ # -- Starting source /home/userdata/ncs/hiepdm/00-projects/montgomery_multiplier/ptpx/rm_setup/common_setup.tcl

#@ puts "RM-Info: Running script [info script]\n"
#@ 
#@ ##########################################################################################
#@ # Variables common to all reference methodology scripts
#@ # Script: common_setup.tcl
#@ # Version: K-2015.06 (July 13, 2015)
#@ # Copyright (C) 2007-2015 Synopsys, Inc. All rights reserved.
#@ ##########################################################################################
#@ 
#@ #set DESIGN_NAME                   $env(DESIGN_NAME)  ;#  The name of the top-level design
#@ set DESIGN_SAIF_FILE               $env(DESIGN_SAIF_FILE)
#@ set DESIGN_INSTANCE_PATH          $env(DESIGN_INSTANCE_PATH)
#@ set DESIGN_SDF_FILE               $env(DESIGN_SDF_FILE)
#@ set DESIGN_CONSTRAINT_FILE        $env(DESIGN_CONSTRAINT_FILE)
#@ set DESIGN_NETLIST                $env(DESIGN_NETLIST)
#@ 
#@ ## using the same file as synthesis
#@ source ${PROJECT_DIR}/common/rm_setup/common_setup.tcl
#@ # -- Starting source /home/userdata/ncs/hiepdm/00-projects/montgomery_multiplier/common/rm_setup/common_setup.tcl

#@ puts "RM-Info: Running script [info script]\n"
#@ 
#@ ##########################################################################################
#@ # Variables common to all reference methodology scripts
#@ # Script: common_setup.tcl
#@ # Version: K-2015.06 (July 13, 2015)
#@ # Copyright (C) 2007-2015 Synopsys, Inc. All rights reserved.
#@ ##########################################################################################
#@ 
#@ set DESIGN_NAME                     $env(DESIGN_NAME)  ;#  The name of the top-level design
#@ #set PROJECT_DIR                    $env(PROJECT_DIR)  ;# root path of the project
#@ # all the synthesis scripts are in ${PROJECT_DIR)/syn
#@ set DESIGN_KIT_PATH                 $env(DESIGN_KIT_PATH)
#@ set SYN_DIR                         $env(SYN_DIR)
#@ set DESIGN_REF_DATA_PATH          ""  ;#  Absolute path prefix variable for library/design data.
#@ #  Use this variable to prefix the common absolute path  
#@ #  to the common variables defined below.
#@ #  Absolute paths are mandatory for hierarchical 
#@ #  reference methodology flow.
#@ 
#@ ##########################################################################################
#@ # Hierarchical Flow Design Variables
#@ ##########################################################################################
#@ 
#@ set HIERARCHICAL_DESIGNS           "" ;# List of hierarchical block design names "DesignA DesignB" ...
#@ set HIERARCHICAL_CELLS             "" ;# List of hierarchical block cell instance names "u_DesignA u_DesignB" ...
#@ 
#@ ##########################################################################################
#@ # Library Setup Variables
#@ ##########################################################################################
#@ 
#@ # For the following variables, use a blank space to separate multiple entries.
#@ # Example: set TARGET_LIBRARY_FILES "lib1.db lib2.db lib3.db"
#@ set STD_LIBRARY_TYPE              $env(PDK_LIB_TYPE)
#@ set STD_LIBRARY_SUFFIX ""
#@ 
#@ if { [ expr { $STD_LIBRARY_TYPE ne "NLDM" } ] } {
#@ 	set STD_LIBRARY_SUFFIX [string tolower $STD_LIBRARY_TYPE]
#@ 	set STD_LIBRARY_SUFFIX "_${STD_LIBRARY_SUFFIX}"
#@ }
#@ 
#@ set ADDITIONAL_SEARCH_PATH        "${PROJECT_DIR}/syn/input
#@                                    ${DESIGN_KIT_PATH}"  ;#  Additional search path to be added to the default search path
#@ 
#@ set TARGET_LIBRARY_FILES          "NangateOpenCellLibrary_typical.db"  ;#  Target technology logical libraries
#@ set ADDITIONAL_LINK_LIB_FILES     ""  ;#  Extra link logical libraries not included in TARGET_LIBRARY_FILES
#@ 
#@ set MIN_LIBRARY_FILES             "NangateOpenCellLibrary_low_temp.db NangateOpenCellLibrary_fast.db NangateOpenCellLibrary_slow.db NangateOpenCellLibrary_worst_low.db"  ;#  List of max min library pairs "max1 min1 max2 min2 max3 min3"...
#@ 
#@ set MW_REFERENCE_LIB_DIRS         ""  ;#  Milkyway reference libraries (include IC Compiler ILMs here)
#@ 
#@ set MW_REFERENCE_CONTROL_FILE     ""  ;#  Reference Control file to define the Milkyway reference libs
#@ 
#@ set TECH_FILE                     ""  ;#  Milkyway technology file
#@ set MAP_FILE                      ""  ;#  Mapping file for TLUplus
#@ set TLUPLUS_MAX_FILE              ""  ;#  Max TLUplus file
#@ set TLUPLUS_MIN_FILE              ""  ;#  Min TLUplus file
#@ 
#@ set MIN_ROUTING_LAYER            ""   ;# Min routing layer
#@ set MAX_ROUTING_LAYER            ""   ;# Max routing layer
#@ 
#@ #set LIBRARY_DONT_USE_FILE        "freepdk45nm_dont_use.tcl"   ;# Tcl file with library modifications for dont_use
#@ set LIBRARY_DONT_USE_FILE        ""   ;# Tcl file with library modifications for dont_use
#@ 
#@ ##########################################################################################
#@ # Multivoltage Common Variables
#@ #
#@ # Define the following multivoltage common variables for the reference methodology scripts 
#@ # for multivoltage flows. 
#@ # Use as few or as many of the following definitions as needed by your design.
#@ ##########################################################################################
#@ 
#@ set PD1                          ""           ;# Name of power domain/voltage area  1
#@ set VA1_COORDINATES              {}           ;# Coordinates for voltage area 1
#@ set MW_POWER_NET1                "VDD1"       ;# Power net for voltage area 1
#@ 
#@ set PD2                          ""           ;# Name of power domain/voltage area  2
#@ set VA2_COORDINATES              {}           ;# Coordinates for voltage area 2
#@ set MW_POWER_NET2                "VDD2"       ;# Power net for voltage area 2
#@ 
#@ set PD3                          ""           ;# Name of power domain/voltage area  3
#@ set VA3_COORDINATES              {}           ;# Coordinates for voltage area 3
#@ set MW_POWER_NET3                "VDD3"       ;# Power net for voltage area 3
#@ 
#@ set PD4                          ""           ;# Name of power domain/voltage area  4
#@ set VA4_COORDINATES              {}           ;# Coordinates for voltage area 4
#@ set MW_POWER_NET4                "VDD4"       ;# Power net for voltage area 4
#@ 
#@ puts "RM-Info: Completed script [info script]\n"
#@ 
#@ # -- End source /home/userdata/ncs/hiepdm/00-projects/montgomery_multiplier/common/rm_setup/common_setup.tcl

#@ # -- End source /home/userdata/ncs/hiepdm/00-projects/montgomery_multiplier/ptpx/rm_setup/common_setup.tcl

#@ source ${sdir}/rm_setup/pt_setup.tcl
#@ # -- Starting source /home/userdata/ncs/hiepdm/00-projects/montgomery_multiplier/ptpx/rm_setup/pt_setup.tcl

#@ puts "RM-Info: Running script [info script]\n"
#@ ### Start of PrimeTime Runtime Variables ###
#@ 
#@ ##########################################################################################
#@ # PrimeTime Variables PrimeTime Reference Methodology script
#@ # Script: pt_setup.tcl
#@ # Version: K-2015.06 (July 13, 2015)
#@ # Copyright (C) 2008-2015 Synopsys All rights reserved.
#@ ##########################################################################################
#@ 
#@ 
#@ ######################################
#@ # Report and Results Directories
#@ ######################################
#@ 
#@ 
#@ set REPORTS_DIR "reports"
#@ set RESULTS_DIR "results"
#@ 
#@ 
#@ ######################################
#@ # Library and Design Setup
#@ ######################################
#@ 
#@ ### Mode : Generic
#@ 
#@ set search_path ". $ADDITIONAL_SEARCH_PATH $search_path"
#@ set target_library $TARGET_LIBRARY_FILES
#@ set link_path "* $target_library $ADDITIONAL_LINK_LIB_FILES"
#@ 
#@ # Provide list of Verilog netlist files. It can be compressed --- example "A.v B.v C.v"
#@ set NETLIST_FILES               ""
#@ # DESIGN_NAME is checked for existence from common_setup.tcl
#@ if {[string length $DESIGN_NAME] > 0} {
#@ } else {
#@ set DESIGN_NAME                   ""  ;#  The name of the top-level design
#@ }
#@ 
#@ 
#@ 
#@ 
#@ #######################################
#@ # Non-DMSA Power Analysis Setup Section
#@ #######################################
#@ 
#@ # switching activity (VCD/SAIF) file 
#@ set ACTIVITY_FILE "${DESIGN_SAIF_FILE}"
#@ 
#@ # strip_path setting for the activity file
#@ set STRIP_PATH "${DESIGN_INSTANCE_PATH}"
#@ 
#@ ## name map file
#@ set NAME_MAP_FILE ""
#@ 
#@ 
#@ 
#@ 
#@ 
#@ ######################################
#@ # Back Annotation File Section
#@ ######################################
#@ # The path (instance name) and name of the SDF file --- example "top.sdf A.sdf" 
#@ # Each SDF_PATH entry corresponds to the related SDF_FILE for the specific block"   
#@ # For toplevel SDF file please use the toplevel design name in SDF_PATHS variable."   
#@ set SDF_FILES	 "${DESIGN_SDF_FILE}"  
#@ set SDF_PATHS	 "${DESIGN_NAME}"  
#@ 
#@ ######################################
#@ # Constraint Section Setup
#@ ######################################
#@ set CONSTRAINT_FILES     "${DESIGN_CONSTRAINT_FILE}"  
#@ ######################################
#@ # End
#@ ######################################
#@ 
#@ ### End of PrimeTime Runtime Variables ###
#@ puts "RM-Info: Completed script [info script]\n"
#@ # -- End source /home/userdata/ncs/hiepdm/00-projects/montgomery_multiplier/ptpx/rm_setup/pt_setup.tcl

#@ 
#@ set REPORTS_DIR ${sdir}/reports 
#@ file mkdir ${REPORTS_DIR}
#@ 
#@ set RESULTS_DIR ${sdir}/results
#@ file mkdir ${RESULTS_DIR}
#@ 
#@ 
#@ 
#@ ##################################################################
#@ #    Search Path, Library and Operating Condition Section        #
#@ ##################################################################
#@ 
#@ # Under normal circumstances, when executing a script with source, Tcl
#@ # errors (syntax and semantic) cause the execution of the script to terminate.
#@ # Uncomment the following line to set sh_continue_on_error to true to allow 
#@ # processing to continue when errors occur.
#@ #set sh_continue_on_error true 
#@ 
#@ 
#@ 
#@ set power_enable_analysis true 
#@ set power_enable_multi_rail_analysis true 
#@ #set power_analysis_mode time_based 
#@ 
#@ set report_default_significant_digits 3 ;
#@ set sh_source_uses_search_path true ;
#@ set search_path ". $search_path" ;
#@ 
#@ ##################################################################
#@ #    Netlist Reading Section                                     #
#@ ##################################################################
#@ set link_path "* $link_path"
#@ read_verilog ${DESIGN_NETLIST}
#@ 
#@ current_design $DESIGN_NAME 
#@ link
#@ 
#@ 
#@ ##################################################################
#@ #    Back Annotation Section                                     #
#@ ##################################################################
#@ if { [info exists SDF_PATHS] && [info exists SDF_FILES] } {
#@ foreach sdf_path $SDF_PATHS sdf_file $SDF_FILES {
#@    if {[string compare $sdf_path $DESIGN_NAME] == 0} {
#@       read_sdf -analysis_type on_chip_variation $sdf_file
#@    } else {
#@       read_sdf -path $sdf_path -analysis_type on_chip_variation $sdf_file
#@    }
#@ }
#@ report_annotated_delay > $REPORTS_DIR/${DESIGN_NAME}_report_annotated_delay.report
#@ }
#@ 
#@ 
#@ 
#@ ##################################################################
#@ #    Reading Constraints Section                                 #
#@ ##################################################################
#@ if  {[info exists CONSTRAINT_FILES]} {
#@         foreach constraint_file $CONSTRAINT_FILES {
#@                 if {[file extension $constraint_file] eq ".sdc"} {
#@                         read_sdc -echo $constraint_file
#@                 } else {
#@                         source -echo $constraint_file
#@                 }
#@         }
#@ }
#@ 
#@ ##################################################################
#@ #    Update_timing and check_timing Section                      #
#@ ##################################################################
#@ 
#@ update_timing -full
#@ check_timing -verbose > $REPORTS_DIR/${DESIGN_NAME}_check_timing.report
#@ 
#@ 
#@ ##################################################################
#@ #    Report_timing Section                                       #
#@ ##################################################################
#@ report_global_timing > $REPORTS_DIR/${DESIGN_NAME}_report_global_timing.report
#@ report_clock -skew -attribute > $REPORTS_DIR/${DESIGN_NAME}_report_clock.report 
#@ report_analysis_coverage > $REPORTS_DIR/${DESIGN_NAME}_report_analysis_coverage.report
#@ report_timing -slack_lesser_than 0.0 -delay min_max -nosplit -input -net  > $REPORTS_DIR/${DESIGN_NAME}_report_timing.report
#@ 
#@ 
#@ ##################################################################  
#@ #    Power Switching Activity Annotation Section                 #  
#@ ##################################################################  
#@ read_saif $ACTIVITY_FILE -strip_path $STRIP_PATH         
#@ report_switching_activity -list_not_annotated           
#@ 
#@ ##################################################################
#@ #    Power Analysis Section                                      #
#@ ##################################################################
#@ 
#@ ## set power analysis options                                   
#@ #set_power_analysis_options -waveform_format fsdb -waveform_output $REPORTS_DIR/${DESIGN_NAME}
#@ 
#@ ## run power analysis
#@ check_power   > $REPORTS_DIR/${DESIGN_NAME}_check_power.report
#@ update_power  
#@ 
#@ ## report_power
#@ report_power > $REPORTS_DIR/${DESIGN_NAME}_report_power.report
#@ 
#@ 
#@ # Clock Gating & Vth Group Reporting Section
#@ report_clock_gate_savings  
#@ 
#@ # Set Vth attribute for each library if not set already
#@ foreach_in_collection l [get_libs] {
#@         if {[get_attribute [get_lib $l] default_threshold_voltage_group] == ""} {
#@                 set lname [get_object_name [get_lib $l]]
#@                 set_user_attribute [get_lib $l] default_threshold_voltage_group $lname -class lib
#@         }
#@ }
#@ report_power -threshold_voltage_group > $REPORTS_DIR/${DESIGN_NAME}_pwr.per_lib_leakage
#@ report_threshold_voltage_group > $REPORTS_DIR/${DESIGN_NAME}_pwr.per_volt_threshold_group
#@ 
#@ #exit
#@ 
#@ 
#@ 
#@ 
#@ 
#@ 
#@ 
#@ 
#@ 
#@ 
#@ 
#@ # -- End source /home/userdata/ncs/hiepdm/00-projects/montgomery_multiplier/ptpx/rm_pt_scripts/pt.tcl

exit
