 
****************************************
Report : area
Design : montgomery_multiplier
Version: K-2015.06
Date   : Wed Jan 12 16:47:48 2022
****************************************

Library(s) Used:

    NangateOpenCellLibrary (File: /home/dkits/FreePDK45/NangateOpenCellLibrary_PDKv1_3_v2010_12/Front_End/db/NLDM/NangateOpenCellLibrary_typical.db)

Number of ports:                           40
Number of nets:                           114
Number of cells:                           81
Number of combinational cells:             44
Number of sequential cells:                34
Number of macros/black boxes:               0
Number of buf/inv:                          2
Number of references:                      17

Combinational area:                 55.327999
Buf/Inv area:                        1.064000
Noncombinational area:             171.570005
Macro/Black Box area:                0.000000
Net Interconnect area:      undefined  (Wire load has zero net area)

Total cell area:                   226.898005
Total area:                 undefined
1
