
                                 PrimeTime (R)

               Version M-2017.06-SP2 for linux64 - Aug 25, 2017 

                    Copyright (c) 1988 - 2017 Synopsys, Inc.
   This software and the associated documentation are proprietary to Synopsys,
 Inc. This software may only be used in accordance with the terms and conditions
 of a written license agreement with Synopsys, Inc. All other use, reproduction,
            or distribution of this software is strictly prohibited.

#################################################################################
# PrimeTime Reference Methodology Script
# Script: pt.tcl
# Version: K-2015.06 (July 13, 2015)
# Copyright (C) 2008-2015 Synopsys All rights reserved.
################################################################################
# Please do not modify the sdir variable.
# Doing so may cause script to fail.
set PROJECT_DIR                   $env(PROJECT_DIR)  ;# root path of the project
/home/userdata/ncs/hiepdm/00-projects/montgomery_multiplier
# all the synthesis scripts are in ${PROJECT_DIR)/ptpx
set sdir "${PROJECT_DIR}/ptpx"
/home/userdata/ncs/hiepdm/00-projects/montgomery_multiplier/ptpx
##################################################################
#    Source common and pt_setup.tcl File                         #
##################################################################
source ${sdir}/rm_setup/common_setup.tcl
RM-Info: Running script /home/userdata/ncs/hiepdm/00-projects/montgomery_multiplier/ptpx/rm_setup/common_setup.tcl

RM-Info: Running script /home/userdata/ncs/hiepdm/00-projects/montgomery_multiplier/common/rm_setup/common_setup.tcl

RM-Info: Completed script /home/userdata/ncs/hiepdm/00-projects/montgomery_multiplier/common/rm_setup/common_setup.tcl

source ${sdir}/rm_setup/pt_setup.tcl
RM-Info: Running script /home/userdata/ncs/hiepdm/00-projects/montgomery_multiplier/ptpx/rm_setup/pt_setup.tcl

RM-Info: Completed script /home/userdata/ncs/hiepdm/00-projects/montgomery_multiplier/ptpx/rm_setup/pt_setup.tcl

set REPORTS_DIR ${sdir}/reports 
/home/userdata/ncs/hiepdm/00-projects/montgomery_multiplier/ptpx/reports
file mkdir ${REPORTS_DIR}
set RESULTS_DIR ${sdir}/results
/home/userdata/ncs/hiepdm/00-projects/montgomery_multiplier/ptpx/results
file mkdir ${RESULTS_DIR}
##################################################################
#    Search Path, Library and Operating Condition Section        #
##################################################################
# Under normal circumstances, when executing a script with source, Tcl
# errors (syntax and semantic) cause the execution of the script to terminate.
# Uncomment the following line to set sh_continue_on_error to true to allow 
# processing to continue when errors occur.
#set sh_continue_on_error true 
set power_enable_analysis true 
true
set power_enable_multi_rail_analysis true 
true
set power_analysis_mode time_based 
time_based
set report_default_significant_digits 3 ;
3
set sh_source_uses_search_path true ;
true
set search_path ". $search_path" ;
. . /home/userdata/ncs/hiepdm/00-projects/montgomery_multiplier/syn/input
                                   /home/dkits/FreePDK45/NangateOpenCellLibrary_PDKv1_3_v2010_12/Front_End/db/NLDM 
##################################################################
#    Netlist Reading Section                                     #
##################################################################
set link_path "* $link_path"
* * NangateOpenCellLibrary_typical.db 
read_verilog ${DESIGN_NETLIST}
Error: Cannot read file '/home/userdata/ncs/hiepdm/00-projects/montgomery_multiplier/syn/netlist/montgomery_multiplier.mapped.v'. (DBR-001)
Error: Problem in read_verilog: No designs were read. (DBR-011)
0
current_design $DESIGN_NAME 
Information: current_design won't return any data before link (DES-071)
link
Error: Cannot find design 'montgomery_multiplier'. (DES-004)
Error: Current design is not defined. (DES-001)
0
##################################################################
#    Back Annotation Section                                     #
##################################################################
if { [info exists SDF_PATHS] && [info exists SDF_FILES] } {
foreach sdf_path $SDF_PATHS sdf_file $SDF_FILES {
   if {[string compare $sdf_path $DESIGN_NAME] == 0} {
      read_sdf -analysis_type on_chip_variation $sdf_file
   } else {
      read_sdf -path $sdf_path -analysis_type on_chip_variation $sdf_file
   }
}
report_annotated_delay > $REPORTS_DIR/${DESIGN_NAME}_report_annotated_delay.report
}
Error: Current design is not defined. (DES-001)
##################################################################
#    Reading Constraints Section                                 #
##################################################################
if  {[info exists CONSTRAINT_FILES]} {
        foreach constraint_file $CONSTRAINT_FILES {
                if {[file extension $constraint_file] eq ".sdc"} {
                        read_sdc -echo $constraint_file
                } else {
                        source -echo $constraint_file
                }
        }
}
Error: Current design is not defined. (DES-001)
0
##################################################################
#    Update_timing and check_timing Section                      #
##################################################################
update_timing -full
Error: Current design is not defined. (DES-001)
check_timing -verbose > $REPORTS_DIR/${DESIGN_NAME}_check_timing.report
##################################################################
#    Report_timing Section                                       #
##################################################################
report_global_timing > $REPORTS_DIR/${DESIGN_NAME}_report_global_timing.report
report_clock -skew -attribute > $REPORTS_DIR/${DESIGN_NAME}_report_clock.report 
report_analysis_coverage > $REPORTS_DIR/${DESIGN_NAME}_report_analysis_coverage.report
report_timing -slack_lesser_than 0.0 -delay min_max -nosplit -input -net  > $REPORTS_DIR/${DESIGN_NAME}_report_timing.report
##################################################################  
#    Power Switching Activity Annotation Section                 #  
##################################################################  
read_vcd $ACTIVITY_FILE -strip_path $STRIP_PATH         
Error: Current design is not defined. (DES-001)
report_switching_activity -list_not_annotated           
Error: Current design is not defined. (DES-001)
##################################################################
#    Power Analysis Section                                      #
##################################################################
## set power analysis options                                   
set_power_analysis_options -waveform_format fsdb -waveform_output $REPORTS_DIR/${DESIGN_NAME}
Error: Current design is not defined. (DES-001)
## run power analysis
check_power   > $REPORTS_DIR/${DESIGN_NAME}_check_power.report
update_power  
Error: Current design is not defined. (DES-001)
## report_power
report_power > $REPORTS_DIR/${DESIGN_NAME}_report_power.report
# Clock Gating & Vth Group Reporting Section
report_clock_gate_savings  
Error: Current design is not defined. (DES-001)
# Set Vth attribute for each library if not set already
foreach_in_collection l [get_libs] {
        if {[get_attribute [get_lib $l] default_threshold_voltage_group] == ""} {
                set lname [get_object_name [get_lib $l]]
                set_user_attribute [get_lib $l] default_threshold_voltage_group $lname -class lib
        }
}
Warning: No lib objects matched '*' (SEL-004)
Error: Nothing matched for libraries (SEL-005)
report_power -threshold_voltage_group > $REPORTS_DIR/${DESIGN_NAME}_pwr.per_lib_leakage
report_threshold_voltage_group > $REPORTS_DIR/${DESIGN_NAME}_pwr.per_volt_threshold_group
#exit
Information: Defining new variable 'DESIGN_SDF_FILE'. (CMD-041)
Information: Defining new variable 'LIBRARY_DONT_USE_FILE'. (CMD-041)
Information: Defining new variable 'ADDITIONAL_SEARCH_PATH'. (CMD-041)
Information: Defining new variable 'l'. (CMD-041)
Information: Defining new variable 'DESIGN_NETLIST'. (CMD-041)
Information: Defining new variable 'MAP_FILE'. (CMD-041)
Information: Defining new variable 'REPORTS_DIR'. (CMD-041)
Information: Defining new variable 'TECH_FILE'. (CMD-041)
Information: Defining new variable 'VA3_COORDINATES'. (CMD-041)
Information: Defining new variable 'MW_POWER_NET1'. (CMD-041)
Information: Defining new variable 'MW_POWER_NET2'. (CMD-041)
Information: Defining new variable 'MW_POWER_NET3'. (CMD-041)
Information: Defining new variable 'HIERARCHICAL_CELLS'. (CMD-041)
Information: Defining new variable 'MW_POWER_NET4'. (CMD-041)
Information: Defining new variable 'MIN_LIBRARY_FILES'. (CMD-041)
Information: Defining new variable 'DESIGN_VCD_FILE'. (CMD-041)
Information: Defining new variable 'DESIGN_CONSTRAINT_FILE'. (CMD-041)
Information: Defining new variable 'VA4_COORDINATES'. (CMD-041)
Information: Defining new variable 'MIN_ROUTING_LAYER'. (CMD-041)
Information: Defining new variable 'sdf_path'. (CMD-041)
Information: Defining new variable 'MW_REFERENCE_LIB_DIRS'. (CMD-041)
Information: Defining new variable 'SYN_DIR'. (CMD-041)
Information: Defining new variable 'ADDITIONAL_LINK_LIB_FILES'. (CMD-041)
Information: Defining new variable 'TLUPLUS_MAX_FILE'. (CMD-041)
Information: Defining new variable 'ACTIVITY_FILE'. (CMD-041)
Information: Defining new variable 'TARGET_LIBRARY_FILES'. (CMD-041)
Information: Defining new variable 'DESIGN_NAME'. (CMD-041)
Information: Defining new variable 'PROJECT_DIR'. (CMD-041)
Information: Defining new variable 'DESIGN_REF_DATA_PATH'. (CMD-041)
Information: Defining new variable 'STD_LIBRARY_SUFFIX'. (CMD-041)
Information: Defining new variable 'NETLIST_FILES'. (CMD-041)
Information: Defining new variable 'VA1_COORDINATES'. (CMD-041)
Information: Defining new variable 'DESIGN_INSTANCE_PATH'. (CMD-041)
Information: Defining new variable 'TLUPLUS_MIN_FILE'. (CMD-041)
Information: Defining new variable 'constraint_file'. (CMD-041)
Information: Defining new variable 'sdir'. (CMD-041)
Information: Defining new variable 'sdf_file'. (CMD-041)
Information: Defining new variable 'DESIGN_KIT_PATH'. (CMD-041)
Information: Defining new variable 'RESULTS_DIR'. (CMD-041)
Information: Defining new variable 'SDF_FILES'. (CMD-041)
Information: Defining new variable 'CONSTRAINT_FILES'. (CMD-041)
Information: Defining new variable 'STRIP_PATH'. (CMD-041)
Information: Defining new variable 'SDF_PATHS'. (CMD-041)
Information: Defining new variable 'STD_LIBRARY_TYPE'. (CMD-041)
Information: Defining new variable 'MAX_ROUTING_LAYER'. (CMD-041)
Information: Defining new variable 'MW_REFERENCE_CONTROL_FILE'. (CMD-041)
Information: Defining new variable 'HIERARCHICAL_DESIGNS'. (CMD-041)
Information: Defining new variable 'VA2_COORDINATES'. (CMD-041)
Information: Defining new variable 'NAME_MAP_FILE'. (CMD-041)
Information: Defining new variable 'PD1'. (CMD-041)
Information: Defining new variable 'PD2'. (CMD-041)
Information: Defining new variable 'PD3'. (CMD-041)
Information: Defining new variable 'PD4'. (CMD-041)
pt_shell> exiot[K[Kt

Timing updates: 0 (0 implicit, 0 explicit) (0 incremental, 0 full, 0 logical)
Noise updates: 0 (0 implicit, 0 explicit) (0 incremental, 0 full)
Maximum memory usage for this session: 751.09 MB
CPU usage for this session: 2 seconds 
Elapsed time for this session: 49 seconds
Diagnostics summary: 23 errors, 1 warning, 54 informationals

Thank you for using pt_shell!
